[2026-03-12 14:31:17,863] INFO - RobotSortingSystem - SimulationEngine initialized successfully
[2026-03-12 14:31:17,863] INFO - RobotSortingSystem - Starting SimulationEngine...
[2026-03-12 14:31:17,863] INFO - RobotSortingSystem - SimulationEngine started
[2026-03-12 14:31:22,908] INFO - RobotSortingSystem - Shutting down SimulationEngine...
[2026-03-12 14:31:22,908] INFO - RobotSortingSystem - SimulationEngine shutdown. Stats: {'total_items_processed': 190, 'successful_sorts': 0, 'failed_sorts': 0, 'accuracy_rate': '0.00%', 'simulation_time': '2.12s', 'fps': '18.8', 'total_frames': 212, 'items_in_environment': 190}
[2026-03-12 14:31:22,912] INFO - RobotSortingSystem - SimulationEngine initialized successfully
[2026-03-12 14:31:22,912] INFO - RobotSortingSystem - Starting SimulationEngine...
[2026-03-12 14:31:22,912] INFO - RobotSortingSystem - SimulationEngine started
[2026-03-12 14:31:25,959] INFO - RobotSortingSystem - Shutting down SimulationEngine...
[2026-03-12 14:31:25,959] INFO - RobotSortingSystem - SimulationEngine shutdown. Stats: {'total_items_processed': 171, 'successful_sorts': 0, 'failed_sorts': 0, 'accuracy_rate': '0.00%', 'simulation_time': '1.80s', 'fps': '27.6', 'total_frames': 180, 'items_in_environment': 171}
[2026-03-12 14:31:25,964] INFO - RobotSortingSystem - SimulationEngine initialized successfully
[2026-03-12 14:31:25,964] INFO - RobotSortingSystem - Starting SimulationEngine...
[2026-03-12 14:31:25,964] INFO - RobotSortingSystem - SimulationEngine started
[2026-03-12 14:31:36,021] INFO - RobotSortingSystem - Shutting down SimulationEngine...
[2026-03-12 14:31:36,021] INFO - RobotSortingSystem - SimulationEngine shutdown. Stats: {'total_items_processed': 190, 'successful_sorts': 0, 'failed_sorts': 0, 'accuracy_rate': '0.00%', 'simulation_time': '2.92s', 'fps': '15.6', 'total_frames': 292, 'items_in_environment': 190}
[2026-03-12 14:31:36,022] INFO - RobotSortingSystem - SimulationEngine initialized successfully
[2026-03-12 14:31:36,022] INFO - RobotSortingSystem - Starting SimulationEngine...
[2026-03-12 14:31:36,022] INFO - RobotSortingSystem - SimulationEngine started
[2026-03-12 14:31:38,026] INFO - RobotSortingSystem - Shutting down SimulationEngine...
[2026-03-12 14:31:38,026] INFO - RobotSortingSystem - SimulationEngine shutdown. Stats: {'total_items_processed': 146, 'successful_sorts': 0, 'failed_sorts': 0, 'accuracy_rate': '0.00%', 'simulation_time': '1.55s', 'fps': '38.5', 'total_frames': 155, 'items_in_environment': 146}
[2026-03-12 14:31:38,026] INFO - RobotSortingSystem - SimulationEngine initialized successfully
[2026-03-12 14:31:38,026] INFO - RobotSortingSystem - Starting SimulationEngine...
[2026-03-12 14:31:38,026] INFO - RobotSortingSystem - SimulationEngine started
[2026-03-12 14:31:41,075] INFO - RobotSortingSystem - Shutting down SimulationEngine...
[2026-03-12 14:31:41,075] INFO - RobotSortingSystem - SimulationEngine shutdown. Stats: {'total_items_processed': 170, 'successful_sorts': 0, 'failed_sorts': 0, 'accuracy_rate': '0.00%', 'simulation_time': '1.79s', 'fps': '27.3', 'total_frames': 179, 'items_in_environment': 170}
