[2026-03-12 14:33:46,380] INFO - RobotSortingSystem - SimulationEngine initialized successfully
[2026-03-12 14:33:46,380] INFO - RobotSortingSystem - Starting SimulationEngine...
[2026-03-12 14:33:46,380] INFO - RobotSortingSystem - SimulationEngine started
[2026-03-12 14:33:51,403] INFO - RobotSortingSystem - Shutting down SimulationEngine...
[2026-03-12 14:33:51,403] INFO - RobotSortingSystem - SimulationEngine shutdown. Stats: {'total_items_processed': 190, 'successful_sorts': 0, 'failed_sorts': 0, 'accuracy_rate': '0.00%', 'simulation_time': '2.10s', 'fps': '19.3', 'total_frames': 210, 'items_in_environment': 190}
[2026-03-12 14:33:51,403] INFO - RobotSortingSystem - SimulationEngine initialized successfully
[2026-03-12 14:33:51,403] INFO - RobotSortingSystem - Starting SimulationEngine...
[2026-03-12 14:33:51,403] INFO - RobotSortingSystem - SimulationEngine started
[2026-03-12 14:33:54,412] INFO - RobotSortingSystem - Shutting down SimulationEngine...
[2026-03-12 14:33:54,412] INFO - RobotSortingSystem - SimulationEngine shutdown. Stats: {'total_items_processed': 171, 'successful_sorts': 0, 'failed_sorts': 0, 'accuracy_rate': '0.00%', 'simulation_time': '1.80s', 'fps': '28.1', 'total_frames': 180, 'items_in_environment': 171}
[2026-03-12 14:33:54,412] INFO - RobotSortingSystem - SimulationEngine initialized successfully
[2026-03-12 14:33:54,412] INFO - RobotSortingSystem - Starting SimulationEngine...
[2026-03-12 14:33:54,412] INFO - RobotSortingSystem - SimulationEngine started
[2026-03-12 14:34:04,464] INFO - RobotSortingSystem - Shutting down SimulationEngine...
[2026-03-12 14:34:04,464] INFO - RobotSortingSystem - SimulationEngine shutdown. Stats: {'total_items_processed': 190, 'successful_sorts': 0, 'failed_sorts': 0, 'accuracy_rate': '0.00%', 'simulation_time': '2.88s', 'fps': '15.2', 'total_frames': 288, 'items_in_environment': 190}
[2026-03-12 14:34:04,464] INFO - RobotSortingSystem - SimulationEngine initialized successfully
[2026-03-12 14:34:04,464] INFO - RobotSortingSystem - Starting SimulationEngine...
[2026-03-12 14:34:04,464] INFO - RobotSortingSystem - SimulationEngine started
[2026-03-12 14:34:06,470] INFO - RobotSortingSystem - Shutting down SimulationEngine...
[2026-03-12 14:34:06,470] INFO - RobotSortingSystem - SimulationEngine shutdown. Stats: {'total_items_processed': 146, 'successful_sorts': 0, 'failed_sorts': 0, 'accuracy_rate': '0.00%', 'simulation_time': '1.55s', 'fps': '38.8', 'total_frames': 155, 'items_in_environment': 146}
[2026-03-12 14:34:06,470] INFO - RobotSortingSystem - SimulationEngine initialized successfully
[2026-03-12 14:34:06,470] INFO - RobotSortingSystem - Starting SimulationEngine...
[2026-03-12 14:34:06,470] INFO - RobotSortingSystem - SimulationEngine started
[2026-03-12 14:34:09,502] INFO - RobotSortingSystem - Shutting down SimulationEngine...
[2026-03-12 14:34:09,506] INFO - RobotSortingSystem - SimulationEngine shutdown. Stats: {'total_items_processed': 170, 'successful_sorts': 0, 'failed_sorts': 0, 'accuracy_rate': '0.00%', 'simulation_time': '1.79s', 'fps': '27.8', 'total_frames': 179, 'items_in_environment': 170}
